Determining if the pthread_create exist failed with the following output:
Change Dir: /home/wanggy/class/program/sensor_fusioin/SFND_Lidar_Obstacle_Detection/src/quiz/cluster/build/CMakeFiles/CMakeTmp

Run Build Command:"/usr/bin/make" "cmTC_cc5d5/fast"
/usr/bin/make -f CMakeFiles/cmTC_cc5d5.dir/build.make CMakeFiles/cmTC_cc5d5.dir/build
make[1]: 进入目录“/home/wanggy/class/program/sensor_fusioin/SFND_Lidar_Obstacle_Detection/src/quiz/cluster/build/CMakeFiles/CMakeTmp”
Building C object CMakeFiles/cmTC_cc5d5.dir/CheckSymbolExists.c.o
/usr/bin/cc    -o CMakeFiles/cmTC_cc5d5.dir/CheckSymbolExists.c.o   -c /home/wanggy/class/program/sensor_fusioin/SFND_Lidar_Obstacle_Detection/src/quiz/cluster/build/CMakeFiles/CMakeTmp/CheckSymbolExists.c
Linking C executable cmTC_cc5d5
/usr/bin/cmake -E cmake_link_script CMakeFiles/cmTC_cc5d5.dir/link.txt --verbose=1
/usr/bin/cc      -rdynamic CMakeFiles/cmTC_cc5d5.dir/CheckSymbolExists.c.o  -o cmTC_cc5d5 
CMakeFiles/cmTC_cc5d5.dir/CheckSymbolExists.c.o：在函数‘main’中：
CheckSymbolExists.c:(.text+0x1b)：对‘pthread_create’未定义的引用
collect2: error: ld returned 1 exit status
CMakeFiles/cmTC_cc5d5.dir/build.make:97: recipe for target 'cmTC_cc5d5' failed
make[1]: *** [cmTC_cc5d5] Error 1
make[1]: 离开目录“/home/wanggy/class/program/sensor_fusioin/SFND_Lidar_Obstacle_Detection/src/quiz/cluster/build/CMakeFiles/CMakeTmp”
Makefile:126: recipe for target 'cmTC_cc5d5/fast' failed
make: *** [cmTC_cc5d5/fast] Error 2

File /home/wanggy/class/program/sensor_fusioin/SFND_Lidar_Obstacle_Detection/src/quiz/cluster/build/CMakeFiles/CMakeTmp/CheckSymbolExists.c:
/* */
#include <pthread.h>

int main(int argc, char** argv)
{
  (void)argv;
#ifndef pthread_create
  return ((int*)(&pthread_create))[argc];
#else
  (void)argc;
  return 0;
#endif
}

Determining if the function pthread_create exists in the pthreads failed with the following output:
Change Dir: /home/wanggy/class/program/sensor_fusioin/SFND_Lidar_Obstacle_Detection/src/quiz/cluster/build/CMakeFiles/CMakeTmp

Run Build Command:"/usr/bin/make" "cmTC_0ef8f/fast"
/usr/bin/make -f CMakeFiles/cmTC_0ef8f.dir/build.make CMakeFiles/cmTC_0ef8f.dir/build
make[1]: 进入目录“/home/wanggy/class/program/sensor_fusioin/SFND_Lidar_Obstacle_Detection/src/quiz/cluster/build/CMakeFiles/CMakeTmp”
Building C object CMakeFiles/cmTC_0ef8f.dir/CheckFunctionExists.c.o
/usr/bin/cc   -DCHECK_FUNCTION_EXISTS=pthread_create   -o CMakeFiles/cmTC_0ef8f.dir/CheckFunctionExists.c.o   -c /usr/share/cmake-3.10/Modules/CheckFunctionExists.c
Linking C executable cmTC_0ef8f
/usr/bin/cmake -E cmake_link_script CMakeFiles/cmTC_0ef8f.dir/link.txt --verbose=1
/usr/bin/cc  -DCHECK_FUNCTION_EXISTS=pthread_create    -rdynamic CMakeFiles/cmTC_0ef8f.dir/CheckFunctionExists.c.o  -o cmTC_0ef8f -lpthreads 
/usr/bin/ld: 找不到 -lpthreads
collect2: error: ld returned 1 exit status
CMakeFiles/cmTC_0ef8f.dir/build.make:97: recipe for target 'cmTC_0ef8f' failed
make[1]: *** [cmTC_0ef8f] Error 1
make[1]: 离开目录“/home/wanggy/class/program/sensor_fusioin/SFND_Lidar_Obstacle_Detection/src/quiz/cluster/build/CMakeFiles/CMakeTmp”
Makefile:126: recipe for target 'cmTC_0ef8f/fast' failed
make: *** [cmTC_0ef8f/fast] Error 2


